<?xml version="1.0" encoding="UTF-8"?>
<!-- Generated by org.testng.reporters.JUnitXMLReporter -->
<testsuite hostname="DESKTOP-HTHHALI" ignored="0" name="Default test" tests="1" failures="1" timestamp="2022-12-15T23:43:05 IST" time="136.119" errors="0">
  <testcase name="createDashboard" time="129.552" classname="com.salesforce.testcases.TC003_DashboardAssessment">
    <failure type="java.lang.StackOverflowError">
      <![CDATA[java.lang.StackOverflowError
at sun.net.spi.DefaultProxySelector$3.run(Unknown Source)
at sun.net.spi.DefaultProxySelector$3.run(Unknown Source)
at java.security.AccessController.doPrivileged(Native Method)
at sun.net.spi.DefaultProxySelector.select(Unknown Source)
at okhttp3.internal.connection.RouteSelector.resetNextProxy(RouteSelector.java:129)
at okhttp3.internal.connection.RouteSelector.<init>(RouteSelector.java:63)
at okhttp3.internal.connection.StreamAllocation.<init>(StreamAllocation.java:101)
at okhttp3.internal.http.RetryAndFollowUpInterceptor.intercept(RetryAndFollowUpInterceptor.java:112)
at okhttp3.internal.http.RealInterceptorChain.proceed(RealInterceptorChain.java:147)
at okhttp3.internal.http.RealInterceptorChain.proceed(RealInterceptorChain.java:121)
at okhttp3.RealCall.getResponseWithInterceptorChain(RealCall.java:200)
at okhttp3.RealCall.execute(RealCall.java:77)
at org.openqa.selenium.remote.internal.OkHttpClient.execute(OkHttpClient.java:103)
at org.openqa.selenium.remote.HttpCommandExecutor.execute(HttpCommandExecutor.java:155)
at org.openqa.selenium.remote.service.DriverCommandExecutor.execute(DriverCommandExecutor.java:83)
at org.openqa.selenium.remote.RemoteWebDriver.execute(RemoteWebDriver.java:552)
at org.openqa.selenium.remote.RemoteWebDriver.execute(RemoteWebDriver.java:609)
at org.openqa.selenium.remote.RemoteWebDriver.getScreenshotAs(RemoteWebDriver.java:295)
at com.framework.selenium.api.base.SeleniumBase.takeSnap(SeleniumBase.java:865)
at com.framework.utils.Reporter.reportStep(Reporter.java:81)
at com.framework.utils.Reporter.reportStep(Reporter.java:108)
at com.framework.selenium.api.base.SeleniumBase.takeSnap(SeleniumBase.java:868)
at com.framework.utils.Reporter.reportStep(Reporter.java:81)
at com.framework.utils.Reporter.reportStep(Reporter.java:108)
at com.framework.selenium.api.base.SeleniumBase.takeSnap(SeleniumBase.java:868)
at com.framework.utils.Reporter.reportStep(Reporter.java:81)
at com.framework.utils.Reporter.reportStep(Reporter.java:108)
at com.framework.selenium.api.base.SeleniumBase.takeSnap(SeleniumBase.java:868)
at com.framework.utils.Reporter.reportStep(Reporter.java:81)
at com.framework.utils.Reporter.reportStep(Reporter.java:108)
at com.framework.selenium.api.base.SeleniumBase.takeSnap(SeleniumBase.java:868)
at com.framework.utils.Reporter.reportStep(Reporter.java:81)
at com.framework.utils.Reporter.reportStep(Reporter.java:108)
at com.framework.selenium.api.base.SeleniumBase.takeSnap(SeleniumBase.java:868)
at com.framework.utils.Reporter.reportStep(Reporter.java:81)
at com.framework.utils.Reporter.reportStep(Reporter.java:108)
at com.framework.selenium.api.base.SeleniumBase.takeSnap(SeleniumBase.java:868)
at com.framework.utils.Reporter.reportStep(Reporter.java:81)
at com.framework.utils.Reporter.reportStep(Reporter.java:108)
at com.framework.selenium.api.base.SeleniumBase.takeSnap(SeleniumBase.java:868)
at com.framework.utils.Reporter.reportStep(Reporter.java:81)
at com.framework.utils.Reporter.reportStep(Reporter.java:108)
at com.framework.selenium.api.base.SeleniumBase.takeSnap(SeleniumBase.java:868)
at com.framework.utils.Reporter.reportStep(Reporter.java:81)
at com.framework.utils.Reporter.reportStep(Reporter.java:108)
at com.framework.selenium.api.base.SeleniumBase.takeSnap(SeleniumBase.java:868)
at com.framework.utils.Reporter.reportStep(Reporter.java:81)
at com.framework.utils.Reporter.reportStep(Reporter.java:108)
at com.framework.selenium.api.base.SeleniumBase.takeSnap(SeleniumBase.java:868)
at com.framework.utils.Reporter.reportStep(Reporter.java:81)
at com.framework.utils.Reporter.reportStep(Reporter.java:108)
at com.framework.selenium.api.base.SeleniumBase.takeSnap(SeleniumBase.java:868)
at com.framework.utils.Reporter.reportStep(Reporter.java:81)
at com.framework.utils.Reporter.reportStep(Reporter.java:108)
at com.framework.selenium.api.base.SeleniumBase.takeSnap(SeleniumBase.java:868)
at com.framework.utils.Reporter.reportStep(Reporter.java:81)
at com.framework.utils.Reporter.reportStep(Reporter.java:108)
at com.framework.selenium.api.base.SeleniumBase.takeSnap(SeleniumBase.java:868)
at com.framework.utils.Reporter.reportStep(Reporter.java:81)
at com.framework.utils.Reporter.reportStep(Reporter.java:108)
at com.framework.selenium.api.base.SeleniumBase.takeSnap(SeleniumBase.java:868)
at com.framework.utils.Reporter.reportStep(Reporter.java:81)
at com.framework.utils.Reporter.reportStep(Reporter.java:108)
at com.framework.selenium.api.base.SeleniumBase.takeSnap(SeleniumBase.java:868)
at com.framework.utils.Reporter.reportStep(Reporter.java:81)
at com.framework.utils.Reporter.reportStep(Reporter.java:108)
at com.framework.selenium.api.base.SeleniumBase.takeSnap(SeleniumBase.java:868)
at com.framework.utils.Reporter.reportStep(Reporter.java:81)
at com.framework.utils.Reporter.reportStep(Reporter.java:108)
at com.framework.selenium.api.base.SeleniumBase.takeSnap(SeleniumBase.java:868)
at com.framework.utils.Reporter.reportStep(Reporter.java:81)
at com.framework.utils.Reporter.reportStep(Reporter.java:108)
at com.framework.selenium.api.base.SeleniumBase.takeSnap(SeleniumBase.java:868)
at com.framework.utils.Reporter.reportStep(Reporter.java:81)
at com.framework.utils.Reporter.reportStep(Reporter.java:108)
at com.framework.selenium.api.base.SeleniumBase.takeSnap(SeleniumBase.java:868)
at com.framework.utils.Reporter.reportStep(Reporter.java:81)
at com.framework.utils.Reporter.reportStep(Reporter.java:108)
at com.framework.selenium.api.base.SeleniumBase.takeSnap(SeleniumBase.java:868)
at com.framework.utils.Reporter.reportStep(Reporter.java:81)
at com.framework.utils.Reporter.reportStep(Reporter.java:108)
at com.framework.selenium.api.base.SeleniumBase.takeSnap(SeleniumBase.java:868)
at com.framework.utils.Reporter.reportStep(Reporter.java:81)
at com.framework.utils.Reporter.reportStep(Reporter.java:108)
at com.framework.selenium.api.base.SeleniumBase.takeSnap(SeleniumBase.java:868)
at com.framework.utils.Reporter.reportStep(Reporter.java:81)
at com.framework.utils.Reporter.reportStep(Reporter.java:108)
at com.framework.selenium.api.base.SeleniumBase.takeSnap(SeleniumBase.java:868)
at com.framework.utils.Reporter.reportStep(Reporter.java:81)
at com.framework.utils.Reporter.reportStep(Reporter.java:108)
at com.framework.selenium.api.base.SeleniumBase.takeSnap(SeleniumBase.java:868)
at com.framework.utils.Reporter.reportStep(Reporter.java:81)
at com.framework.utils.Reporter.reportStep(Reporter.java:108)
at com.framework.selenium.api.base.SeleniumBase.takeSnap(SeleniumBase.java:868)
at com.framework.utils.Reporter.reportStep(Reporter.java:81)
at com.framework.utils.Reporter.reportStep(Reporter.java:108)
at com.framework.selenium.api.base.SeleniumBase.takeSnap(SeleniumBase.java:868)
at com.framework.utils.Reporter.reportStep(Reporter.java:81)
at com.framework.utils.Reporter.reportStep(Reporter.java:108)
at com.framework.selenium.api.base.SeleniumBase.takeSnap(SeleniumBase.java:868)
at com.framework.utils.Reporter.reportStep(Reporter.java:81)
at com.framework.utils.Reporter.reportStep(Reporter.java:108)
at com.framework.selenium.api.base.SeleniumBase.takeSnap(SeleniumBase.java:868)
at com.framework.utils.Reporter.reportStep(Reporter.java:81)
at com.framework.utils.Reporter.reportStep(Reporter.java:108)
at com.framework.selenium.api.base.SeleniumBase.takeSnap(SeleniumBase.java:868)
at com.framework.utils.Reporter.reportStep(Reporter.java:81)
at com.framework.utils.Reporter.reportStep(Reporter.java:108)
at com.framework.selenium.api.base.SeleniumBase.takeSnap(SeleniumBase.java:868)
at com.framework.utils.Reporter.reportStep(Reporter.java:81)
at com.framework.utils.Reporter.reportStep(Reporter.java:108)
at com.framework.selenium.api.base.SeleniumBase.takeSnap(SeleniumBase.java:868)
at com.framework.utils.Reporter.reportStep(Reporter.java:81)
at com.framework.utils.Reporter.reportStep(Reporter.java:108)
at com.framework.selenium.api.base.SeleniumBase.takeSnap(SeleniumBase.java:868)
at com.framework.utils.Reporter.reportStep(Reporter.java:81)
at com.framework.utils.Reporter.reportStep(Reporter.java:108)
at com.framework.selenium.api.base.SeleniumBase.takeSnap(SeleniumBase.java:868)
at com.framework.utils.Reporter.reportStep(Reporter.java:81)
at com.framework.utils.Reporter.reportStep(Reporter.java:108)
at com.framework.selenium.api.base.SeleniumBase.takeSnap(SeleniumBase.java:868)
at com.framework.utils.Reporter.reportStep(Reporter.java:81)
at com.framework.utils.Reporter.reportStep(Reporter.java:108)
at com.framework.selenium.api.base.SeleniumBase.takeSnap(SeleniumBase.java:868)
at com.framework.utils.Reporter.reportStep(Reporter.java:81)
at com.framework.utils.Reporter.reportStep(Reporter.java:108)
at com.framework.selenium.api.base.SeleniumBase.takeSnap(SeleniumBase.java:868)
at com.framework.utils.Reporter.reportStep(Reporter.java:81)
at com.framework.utils.Reporter.reportStep(Reporter.java:108)
at com.framework.selenium.api.base.SeleniumBase.takeSnap(SeleniumBase.java:868)
at com.framework.utils.Reporter.reportStep(Reporter.java:81)
at com.framework.utils.Reporter.reportStep(Reporter.java:108)
at com.framework.selenium.api.base.SeleniumBase.takeSnap(SeleniumBase.java:868)
at com.framework.utils.Reporter.reportStep(Reporter.java:81)
at com.framework.utils.Reporter.reportStep(Reporter.java:108)
at com.framework.selenium.api.base.SeleniumBase.takeSnap(SeleniumBase.java:868)
at com.framework.utils.Reporter.reportStep(Reporter.java:81)
at com.framework.utils.Reporter.reportStep(Reporter.java:108)
at com.framework.selenium.api.base.SeleniumBase.takeSnap(SeleniumBase.java:868)
at com.framework.utils.Reporter.reportStep(Reporter.java:81)
at com.framework.utils.Reporter.reportStep(Reporter.java:108)
at com.framework.selenium.api.base.SeleniumBase.takeSnap(SeleniumBase.java:868)
at com.framework.utils.Reporter.reportStep(Reporter.java:81)
at com.framework.utils.Reporter.reportStep(Reporter.java:108)
at com.framework.selenium.api.base.SeleniumBase.takeSnap(SeleniumBase.java:868)
at com.framework.utils.Reporter.reportStep(Reporter.java:81)
at com.framework.utils.Reporter.reportStep(Reporter.java:108)
at com.framework.selenium.api.base.SeleniumBase.takeSnap(SeleniumBase.java:868)
at com.framework.utils.Reporter.reportStep(Reporter.java:81)
at com.framework.utils.Reporter.reportStep(Reporter.java:108)
at com.framework.selenium.api.base.SeleniumBase.takeSnap(SeleniumBase.java:868)
at com.framework.utils.Reporter.reportStep(Reporter.java:81)
at com.framework.utils.Reporter.reportStep(Reporter.java:108)
at com.framework.selenium.api.base.SeleniumBase.takeSnap(SeleniumBase.java:868)
at com.framework.utils.Reporter.reportStep(Reporter.java:81)
at com.framework.utils.Reporter.reportStep(Reporter.java:108)
at com.framework.selenium.api.base.SeleniumBase.takeSnap(SeleniumBase.java:868)
at com.framework.utils.Reporter.reportStep(Reporter.java:81)
at com.framework.utils.Reporter.reportStep(Reporter.java:108)
at com.framework.selenium.api.base.SeleniumBase.takeSnap(SeleniumBase.java:868)
at com.framework.utils.Reporter.reportStep(Reporter.java:81)
at com.framework.utils.Reporter.reportStep(Reporter.java:108)
at com.framework.selenium.api.base.SeleniumBase.takeSnap(SeleniumBase.java:868)
at com.framework.utils.Reporter.reportStep(Reporter.java:81)
at com.framework.utils.Reporter.reportStep(Reporter.java:108)
at com.framework.selenium.api.base.SeleniumBase.takeSnap(SeleniumBase.java:868)
at com.framework.utils.Reporter.reportStep(Reporter.java:81)
at com.framework.utils.Reporter.reportStep(Reporter.java:108)
at com.framework.selenium.api.base.SeleniumBase.takeSnap(SeleniumBase.java:868)
at com.framework.utils.Reporter.reportStep(Reporter.java:81)
at com.framework.utils.Reporter.reportStep(Reporter.java:108)
at com.framework.selenium.api.base.SeleniumBase.takeSnap(SeleniumBase.java:868)
at com.framework.utils.Reporter.reportStep(Reporter.java:81)
at com.framework.utils.Reporter.reportStep(Reporter.java:108)
at com.framework.selenium.api.base.SeleniumBase.takeSnap(SeleniumBase.java:868)
at com.framework.utils.Reporter.reportStep(Reporter.java:81)
at com.framework.utils.Reporter.reportStep(Reporter.java:108)
at com.framework.selenium.api.base.SeleniumBase.takeSnap(SeleniumBase.java:868)
at com.framework.utils.Reporter.reportStep(Reporter.java:81)
at com.framework.utils.Reporter.reportStep(Reporter.java:108)
at com.framework.selenium.api.base.SeleniumBase.takeSnap(SeleniumBase.java:868)
at com.framework.utils.Reporter.reportStep(Reporter.java:81)
at com.framework.utils.Reporter.reportStep(Reporter.java:108)
at com.framework.selenium.api.base.SeleniumBase.takeSnap(SeleniumBase.java:868)
at com.framework.utils.Reporter.reportStep(Reporter.java:81)
at com.framework.utils.Reporter.reportStep(Reporter.java:108)
at com.framework.selenium.api.base.SeleniumBase.takeSnap(SeleniumBase.java:868)
at com.framework.utils.Reporter.reportStep(Reporter.java:81)
at com.framework.utils.Reporter.reportStep(Reporter.java:108)
at com.framework.selenium.api.base.SeleniumBase.takeSnap(SeleniumBase.java:868)
at com.framework.utils.Reporter.reportStep(Reporter.java:81)
at com.framework.utils.Reporter.reportStep(Reporter.java:108)
at com.framework.selenium.api.base.SeleniumBase.takeSnap(SeleniumBase.java:868)
at com.framework.utils.Reporter.reportStep(Reporter.java:81)
at com.framework.utils.Reporter.reportStep(Reporter.java:108)
at com.framework.selenium.api.base.SeleniumBase.takeSnap(SeleniumBase.java:868)
at com.framework.utils.Reporter.reportStep(Reporter.java:81)
at com.framework.utils.Reporter.reportStep(Reporter.java:108)
at com.framework.selenium.api.base.SeleniumBase.takeSnap(SeleniumBase.java:868)
at com.framework.utils.Reporter.reportStep(Reporter.java:81)
at com.framework.utils.Reporter.reportStep(Reporter.java:108)
at com.framework.selenium.api.base.SeleniumBase.takeSnap(SeleniumBase.java:868)
at com.framework.utils.Reporter.reportStep(Reporter.java:81)
at com.framework.utils.Reporter.reportStep(Reporter.java:108)
at com.framework.selenium.api.base.SeleniumBase.takeSnap(SeleniumBase.java:868)
at com.framework.utils.Reporter.reportStep(Reporter.java:81)
at com.framework.utils.Reporter.reportStep(Reporter.java:108)
at com.framework.selenium.api.base.SeleniumBase.takeSnap(SeleniumBase.java:868)
at com.framework.utils.Reporter.reportStep(Reporter.java:81)
at com.framework.utils.Reporter.reportStep(Reporter.java:108)
at com.framework.selenium.api.base.SeleniumBase.takeSnap(SeleniumBase.java:868)
at com.framework.utils.Reporter.reportStep(Reporter.java:81)
at com.framework.utils.Reporter.reportStep(Reporter.java:108)
at com.framework.selenium.api.base.SeleniumBase.takeSnap(SeleniumBase.java:868)
at com.framework.utils.Reporter.reportStep(Reporter.java:81)
at com.framework.utils.Reporter.reportStep(Reporter.java:108)
at com.framework.selenium.api.base.SeleniumBase.takeSnap(SeleniumBase.java:868)
at com.framework.utils.Reporter.reportStep(Reporter.java:81)
at com.framework.utils.Reporter.reportStep(Reporter.java:108)
at com.framework.selenium.api.base.SeleniumBase.takeSnap(SeleniumBase.java:868)
at com.framework.utils.Reporter.reportStep(Reporter.java:81)
at com.framework.utils.Reporter.reportStep(Reporter.java:108)
at com.framework.selenium.api.base.SeleniumBase.takeSnap(SeleniumBase.java:868)
at com.framework.utils.Reporter.reportStep(Reporter.java:81)
at com.framework.utils.Reporter.reportStep(Reporter.java:108)
at com.framework.selenium.api.base.SeleniumBase.takeSnap(SeleniumBase.java:868)
at com.framework.utils.Reporter.reportStep(Reporter.java:81)
at com.framework.utils.Reporter.reportStep(Reporter.java:108)
at com.framework.selenium.api.base.SeleniumBase.takeSnap(SeleniumBase.java:868)
at com.framework.utils.Reporter.reportStep(Reporter.java:81)
at com.framework.utils.Reporter.reportStep(Reporter.java:108)
at com.framework.selenium.api.base.SeleniumBase.takeSnap(SeleniumBase.java:868)
at com.framework.utils.Reporter.reportStep(Reporter.java:81)
at com.framework.utils.Reporter.reportStep(Reporter.java:108)
at com.framework.selenium.api.base.SeleniumBase.takeSnap(SeleniumBase.java:868)
at com.framework.utils.Reporter.reportStep(Reporter.java:81)
at com.framework.utils.Reporter.reportStep(Reporter.java:108)
at com.framework.selenium.api.base.SeleniumBase.takeSnap(SeleniumBase.java:868)
at com.framework.utils.Reporter.reportStep(Reporter.java:81)
at com.framework.utils.Reporter.reportStep(Reporter.java:108)
at com.framework.selenium.api.base.SeleniumBase.takeSnap(SeleniumBase.java:868)
at com.framework.utils.Reporter.reportStep(Reporter.java:81)
at com.framework.utils.Reporter.reportStep(Reporter.java:108)
at com.framework.selenium.api.base.SeleniumBase.takeSnap(SeleniumBase.java:868)
at com.framework.utils.Reporter.reportStep(Reporter.java:81)
at com.framework.utils.Reporter.reportStep(Reporter.java:108)
at com.framework.selenium.api.base.SeleniumBase.takeSnap(SeleniumBase.java:868)
at com.framework.utils.Reporter.reportStep(Reporter.java:81)
at com.framework.utils.Reporter.reportStep(Reporter.java:108)
at com.framework.selenium.api.base.SeleniumBase.takeSnap(SeleniumBase.java:868)
at com.framework.utils.Reporter.reportStep(Reporter.java:81)
at com.framework.utils.Reporter.reportStep(Reporter.java:108)
at com.framework.selenium.api.base.SeleniumBase.takeSnap(SeleniumBase.java:868)
at com.framework.utils.Reporter.reportStep(Reporter.java:81)
at com.framework.utils.Reporter.reportStep(Reporter.java:108)
at com.framework.selenium.api.base.SeleniumBase.takeSnap(SeleniumBase.java:868)
at com.framework.utils.Reporter.reportStep(Reporter.java:81)
at com.framework.utils.Reporter.reportStep(Reporter.java:108)
at com.framework.selenium.api.base.SeleniumBase.takeSnap(SeleniumBase.java:868)
at com.framework.utils.Reporter.reportStep(Reporter.java:81)
at com.framework.utils.Reporter.reportStep(Reporter.java:108)
at com.framework.selenium.api.base.SeleniumBase.takeSnap(SeleniumBase.java:868)
at com.framework.utils.Reporter.reportStep(Reporter.java:81)
at com.framework.utils.Reporter.reportStep(Reporter.java:108)
at com.framework.selenium.api.base.SeleniumBase.takeSnap(SeleniumBase.java:868)
at com.framework.utils.Reporter.reportStep(Reporter.java:81)
at com.framework.utils.Reporter.reportStep(Reporter.java:108)
at com.framework.selenium.api.base.SeleniumBase.takeSnap(SeleniumBase.java:868)
at com.framework.utils.Reporter.reportStep(Reporter.java:81)
at com.framework.utils.Reporter.reportStep(Reporter.java:108)
at com.framework.selenium.api.base.SeleniumBase.takeSnap(SeleniumBase.java:868)
at com.framework.utils.Reporter.reportStep(Reporter.java:81)
at com.framework.utils.Reporter.reportStep(Reporter.java:108)
at com.framework.selenium.api.base.SeleniumBase.takeSnap(SeleniumBase.java:868)
at com.framework.utils.Reporter.reportStep(Reporter.java:81)
at com.framework.utils.Reporter.reportStep(Reporter.java:108)
at com.framework.selenium.api.base.SeleniumBase.takeSnap(SeleniumBase.java:868)
at com.framework.utils.Reporter.reportStep(Reporter.java:81)
at com.framework.utils.Reporter.reportStep(Reporter.java:108)
at com.framework.selenium.api.base.SeleniumBase.takeSnap(SeleniumBase.java:868)
at com.framework.utils.Reporter.reportStep(Reporter.java:81)
at com.framework.utils.Reporter.reportStep(Reporter.java:108)
at com.framework.selenium.api.base.SeleniumBase.takeSnap(SeleniumBase.java:868)
at com.framework.utils.Reporter.reportStep(Reporter.java:81)
at com.framework.utils.Reporter.reportStep(Reporter.java:108)
at com.framework.selenium.api.base.SeleniumBase.takeSnap(SeleniumBase.java:868)
at com.framework.utils.Reporter.reportStep(Reporter.java:81)
at com.framework.utils.Reporter.reportStep(Reporter.java:108)
at com.framework.selenium.api.base.SeleniumBase.takeSnap(SeleniumBase.java:868)
at com.framework.utils.Reporter.reportStep(Reporter.java:81)
at com.framework.utils.Reporter.reportStep(Reporter.java:108)
at com.framework.selenium.api.base.SeleniumBase.takeSnap(SeleniumBase.java:868)
at com.framework.utils.Reporter.reportStep(Reporter.java:81)
at com.framework.utils.Reporter.reportStep(Reporter.java:108)
at com.framework.selenium.api.base.SeleniumBase.takeSnap(SeleniumBase.java:868)
at com.framework.utils.Reporter.reportStep(Reporter.java:81)
at com.framework.utils.Reporter.reportStep(Reporter.java:108)
at com.framework.selenium.api.base.SeleniumBase.takeSnap(SeleniumBase.java:868)
at com.framework.utils.Reporter.reportStep(Reporter.java:81)
at com.framework.utils.Reporter.reportStep(Reporter.java:108)
at com.framework.selenium.api.base.SeleniumBase.takeSnap(SeleniumBase.java:868)
at com.framework.utils.Reporter.reportStep(Reporter.java:81)
at com.framework.utils.Reporter.reportStep(Reporter.java:108)
at com.framework.selenium.api.base.SeleniumBase.takeSnap(SeleniumBase.java:868)
at com.framework.utils.Reporter.reportStep(Reporter.java:81)
at com.framework.utils.Reporter.reportStep(Reporter.java:108)
at com.framework.selenium.api.base.SeleniumBase.takeSnap(SeleniumBase.java:868)
at com.framework.utils.Reporter.reportStep(Reporter.java:81)
at com.framework.utils.Reporter.reportStep(Reporter.java:108)
at com.framework.selenium.api.base.SeleniumBase.takeSnap(SeleniumBase.java:868)
at com.framework.utils.Reporter.reportStep(Reporter.java:81)
at com.framework.utils.Reporter.reportStep(Reporter.java:108)
at com.framework.selenium.api.base.SeleniumBase.takeSnap(SeleniumBase.java:868)
at com.framework.utils.Reporter.reportStep(Reporter.java:81)
at com.framework.utils.Reporter.reportStep(Reporter.java:108)
at com.framework.selenium.api.base.SeleniumBase.takeSnap(SeleniumBase.java:868)
at com.framework.utils.Reporter.reportStep(Reporter.java:81)
at com.framework.utils.Reporter.reportStep(Reporter.java:108)
at com.framework.selenium.api.base.SeleniumBase.takeSnap(SeleniumBase.java:868)
at com.framework.utils.Reporter.reportStep(Reporter.java:81)
at com.framework.utils.Reporter.reportStep(Reporter.java:108)
at com.framework.selenium.api.base.SeleniumBase.takeSnap(SeleniumBase.java:868)
at com.framework.utils.Reporter.reportStep(Reporter.java:81)
at com.framework.utils.Reporter.reportStep(Reporter.java:108)
at com.framework.selenium.api.base.SeleniumBase.takeSnap(SeleniumBase.java:868)
at com.framework.utils.Reporter.reportStep(Reporter.java:81)
at com.framework.utils.Reporter.reportStep(Reporter.java:108)
at com.framework.selenium.api.base.SeleniumBase.takeSnap(SeleniumBase.java:868)
at com.framework.utils.Reporter.reportStep(Reporter.java:81)
at com.framework.utils.Reporter.reportStep(Reporter.java:108)
at com.framework.selenium.api.base.SeleniumBase.takeSnap(SeleniumBase.java:868)
at com.framework.utils.Reporter.reportStep(Reporter.java:81)
at com.framework.utils.Reporter.reportStep(Reporter.java:108)
at com.framework.selenium.api.base.SeleniumBase.takeSnap(SeleniumBase.java:868)
at com.framework.utils.Reporter.reportStep(Reporter.java:81)
at com.framework.utils.Reporter.reportStep(Reporter.java:108)
at com.framework.selenium.api.base.SeleniumBase.takeSnap(SeleniumBase.java:868)
at com.framework.utils.Reporter.reportStep(Reporter.java:81)
at com.framework.utils.Reporter.reportStep(Reporter.java:108)
at com.framework.selenium.api.base.SeleniumBase.takeSnap(SeleniumBase.java:868)
at com.framework.utils.Reporter.reportStep(Reporter.java:81)
at com.framework.utils.Reporter.reportStep(Reporter.java:108)
at com.framework.selenium.api.base.SeleniumBase.takeSnap(SeleniumBase.java:868)
at com.framework.utils.Reporter.reportStep(Reporter.java:81)
at com.framework.utils.Reporter.reportStep(Reporter.java:108)
at com.framework.selenium.api.base.SeleniumBase.takeSnap(SeleniumBase.java:868)
at com.framework.utils.Reporter.reportStep(Reporter.java:81)
at com.framework.utils.Reporter.reportStep(Reporter.java:108)
at com.framework.selenium.api.base.SeleniumBase.takeSnap(SeleniumBase.java:868)
at com.framework.utils.Reporter.reportStep(Reporter.java:81)
at com.framework.utils.Reporter.reportStep(Reporter.java:108)
at com.framework.selenium.api.base.SeleniumBase.takeSnap(SeleniumBase.java:868)
at com.framework.utils.Reporter.reportStep(Reporter.java:81)
at com.framework.utils.Reporter.reportStep(Reporter.java:108)
at com.framework.selenium.api.base.SeleniumBase.takeSnap(SeleniumBase.java:868)
at com.framework.utils.Reporter.reportStep(Reporter.java:81)
at com.framework.utils.Reporter.reportStep(Reporter.java:108)
at com.framework.selenium.api.base.SeleniumBase.takeSnap(SeleniumBase.java:868)
at com.framework.utils.Reporter.reportStep(Reporter.java:81)
at com.framework.utils.Reporter.reportStep(Reporter.java:108)
at com.framework.selenium.api.base.SeleniumBase.takeSnap(SeleniumBase.java:868)
at com.framework.utils.Reporter.reportStep(Reporter.java:81)
at com.framework.utils.Reporter.reportStep(Reporter.java:108)
at com.framework.selenium.api.base.SeleniumBase.takeSnap(SeleniumBase.java:868)
at com.framework.utils.Reporter.reportStep(Reporter.java:81)
at com.framework.utils.Reporter.reportStep(Reporter.java:108)
at com.framework.selenium.api.base.SeleniumBase.takeSnap(SeleniumBase.java:868)
at com.framework.utils.Reporter.reportStep(Reporter.java:81)
at com.framework.utils.Reporter.reportStep(Reporter.java:108)
at com.framework.selenium.api.base.SeleniumBase.takeSnap(SeleniumBase.java:868)
at com.framework.utils.Reporter.reportStep(Reporter.java:81)
at com.framework.utils.Reporter.reportStep(Reporter.java:108)
at com.framework.selenium.api.base.SeleniumBase.takeSnap(SeleniumBase.java:868)
at com.framework.utils.Reporter.reportStep(Reporter.java:81)
at com.framework.utils.Reporter.reportStep(Reporter.java:108)
at com.framework.selenium.api.base.SeleniumBase.takeSnap(SeleniumBase.java:868)
at com.framework.utils.Reporter.reportStep(Reporter.java:81)
at com.framework.utils.Reporter.reportStep(Reporter.java:108)
at com.framework.selenium.api.base.SeleniumBase.takeSnap(SeleniumBase.java:868)
at com.framework.utils.Reporter.reportStep(Reporter.java:81)
at com.framework.utils.Reporter.reportStep(Reporter.java:108)
at com.framework.selenium.api.base.SeleniumBase.takeSnap(SeleniumBase.java:868)
at com.framework.utils.Reporter.reportStep(Reporter.java:81)
at com.framework.utils.Reporter.reportStep(Reporter.java:108)
at com.framework.selenium.api.base.SeleniumBase.takeSnap(SeleniumBase.java:868)
at com.framework.utils.Reporter.reportStep(Reporter.java:81)
at com.framework.utils.Reporter.reportStep(Reporter.java:108)
at com.framework.selenium.api.base.SeleniumBase.takeSnap(SeleniumBase.java:868)
at com.framework.utils.Reporter.reportStep(Reporter.java:81)
at com.framework.utils.Reporter.reportStep(Reporter.java:108)
at com.framework.selenium.api.base.SeleniumBase.takeSnap(SeleniumBase.java:868)
at com.framework.utils.Reporter.reportStep(Reporter.java:81)
at com.framework.utils.Reporter.reportStep(Reporter.java:108)
at com.framework.selenium.api.base.SeleniumBase.takeSnap(SeleniumBase.java:868)
at com.framework.utils.Reporter.reportStep(Reporter.java:81)
at com.framework.utils.Reporter.reportStep(Reporter.java:108)
at com.framework.selenium.api.base.SeleniumBase.takeSnap(SeleniumBase.java:868)
at com.framework.utils.Reporter.reportStep(Reporter.java:81)
at com.framework.utils.Reporter.reportStep(Reporter.java:108)
at com.framework.selenium.api.base.SeleniumBase.takeSnap(SeleniumBase.java:868)
at com.framework.utils.Reporter.reportStep(Reporter.java:81)
at com.framework.utils.Reporter.reportStep(Reporter.java:108)
at com.framework.selenium.api.base.SeleniumBase.takeSnap(SeleniumBase.java:868)
at com.framework.utils.Reporter.reportStep(Reporter.java:81)
at com.framework.utils.Reporter.reportStep(Reporter.java:108)
at com.framework.selenium.api.base.SeleniumBase.takeSnap(SeleniumBase.java:868)
at com.framework.utils.Reporter.reportStep(Reporter.java:81)
at com.framework.utils.Reporter.reportStep(Reporter.java:108)
at com.framework.selenium.api.base.SeleniumBase.takeSnap(SeleniumBase.java:868)
at com.framework.utils.Reporter.reportStep(Reporter.java:81)
at com.framework.utils.Reporter.reportStep(Reporter.java:108)
at com.framework.selenium.api.base.SeleniumBase.takeSnap(SeleniumBase.java:868)
at com.framework.utils.Reporter.reportStep(Reporter.java:81)
at com.framework.utils.Reporter.reportStep(Reporter.java:108)
at com.framework.selenium.api.base.SeleniumBase.takeSnap(SeleniumBase.java:868)
at com.framework.utils.Reporter.reportStep(Reporter.java:81)
at com.framework.utils.Reporter.reportStep(Reporter.java:108)
at com.framework.selenium.api.base.SeleniumBase.takeSnap(SeleniumBase.java:868)
at com.framework.utils.Reporter.reportStep(Reporter.java:81)
at com.framework.utils.Reporter.reportStep(Reporter.java:108)
at com.framework.selenium.api.base.SeleniumBase.takeSnap(SeleniumBase.java:868)
at com.framework.utils.Reporter.reportStep(Reporter.java:81)
at com.framework.utils.Reporter.reportStep(Reporter.java:108)
at com.framework.selenium.api.base.SeleniumBase.takeSnap(SeleniumBase.java:868)
at com.framework.utils.Reporter.reportStep(Reporter.java:81)
at com.framework.utils.Reporter.reportStep(Reporter.java:108)
at com.framework.selenium.api.base.SeleniumBase.takeSnap(SeleniumBase.java:868)
at com.framework.utils.Reporter.reportStep(Reporter.java:81)
at com.framework.utils.Reporter.reportStep(Reporter.java:108)
at com.framework.selenium.api.base.SeleniumBase.takeSnap(SeleniumBase.java:868)
at com.framework.utils.Reporter.reportStep(Reporter.java:81)
at com.framework.utils.Reporter.reportStep(Reporter.java:108)
at com.framework.selenium.api.base.SeleniumBase.takeSnap(SeleniumBase.java:868)
at com.framework.utils.Reporter.reportStep(Reporter.java:81)
at com.framework.utils.Reporter.reportStep(Reporter.java:108)
at com.framework.selenium.api.base.SeleniumBase.takeSnap(SeleniumBase.java:868)
at com.framework.utils.Reporter.reportStep(Reporter.java:81)
at com.framework.utils.Reporter.reportStep(Reporter.java:108)
at com.framework.selenium.api.base.SeleniumBase.takeSnap(SeleniumBase.java:868)
at com.framework.utils.Reporter.reportStep(Reporter.java:81)
at com.framework.utils.Reporter.reportStep(Reporter.java:108)
at com.framework.selenium.api.base.SeleniumBase.takeSnap(SeleniumBase.java:868)
at com.framework.utils.Reporter.reportStep(Reporter.java:81)
at com.framework.utils.Reporter.reportStep(Reporter.java:108)
at com.framework.selenium.api.base.SeleniumBase.takeSnap(SeleniumBase.java:868)
at com.framework.utils.Reporter.reportStep(Reporter.java:81)
at com.framework.utils.Reporter.reportStep(Reporter.java:108)
at com.framework.selenium.api.base.SeleniumBase.takeSnap(SeleniumBase.java:868)
at com.framework.utils.Reporter.reportStep(Reporter.java:81)
at com.framework.utils.Reporter.reportStep(Reporter.java:108)
at com.framework.selenium.api.base.SeleniumBase.takeSnap(SeleniumBase.java:868)
at com.framework.utils.Reporter.reportStep(Reporter.java:81)
at com.framework.utils.Reporter.reportStep(Reporter.java:108)
at com.framework.selenium.api.base.SeleniumBase.takeSnap(SeleniumBase.java:868)
at com.framework.utils.Reporter.reportStep(Reporter.java:81)
at com.framework.utils.Reporter.reportStep(Reporter.java:108)
at com.framework.selenium.api.base.SeleniumBase.takeSnap(SeleniumBase.java:868)
at com.framework.utils.Reporter.reportStep(Reporter.java:81)
at com.framework.utils.Reporter.reportStep(Reporter.java:108)
at com.framework.selenium.api.base.SeleniumBase.takeSnap(SeleniumBase.java:868)
at com.framework.utils.Reporter.reportStep(Reporter.java:81)
at com.framework.utils.Reporter.reportStep(Reporter.java:108)
at com.framework.selenium.api.base.SeleniumBase.takeSnap(SeleniumBase.java:868)
at com.framework.utils.Reporter.reportStep(Reporter.java:81)
at com.framework.utils.Reporter.reportStep(Reporter.java:108)
at com.framework.selenium.api.base.SeleniumBase.takeSnap(SeleniumBase.java:868)
at com.framework.utils.Reporter.reportStep(Reporter.java:81)
at com.framework.utils.Reporter.reportStep(Reporter.java:108)
at com.framework.selenium.api.base.SeleniumBase.takeSnap(SeleniumBase.java:868)
at com.framework.utils.Reporter.reportStep(Reporter.java:81)
at com.framework.utils.Reporter.reportStep(Reporter.java:108)
at com.framework.selenium.api.base.SeleniumBase.takeSnap(SeleniumBase.java:868)
at com.framework.utils.Reporter.reportStep(Reporter.java:81)
at com.framework.utils.Reporter.reportStep(Reporter.java:108)
at com.framework.selenium.api.base.SeleniumBase.takeSnap(SeleniumBase.java:868)
at com.framework.utils.Reporter.reportStep(Reporter.java:81)
at com.framework.utils.Reporter.reportStep(Reporter.java:108)
at com.framework.selenium.api.base.SeleniumBase.takeSnap(SeleniumBase.java:868)
at com.framework.utils.Reporter.reportStep(Reporter.java:81)
at com.framework.utils.Reporter.reportStep(Reporter.java:108)
at com.framework.selenium.api.base.SeleniumBase.takeSnap(SeleniumBase.java:868)
at com.framework.utils.Reporter.reportStep(Reporter.java:81)
at com.framework.utils.Reporter.reportStep(Reporter.java:108)
at com.framework.selenium.api.base.SeleniumBase.takeSnap(SeleniumBase.java:868)
at com.framework.utils.Reporter.reportStep(Reporter.java:81)
at com.framework.utils.Reporter.reportStep(Reporter.java:108)
at com.framework.selenium.api.base.SeleniumBase.takeSnap(SeleniumBase.java:868)
at com.framework.utils.Reporter.reportStep(Reporter.java:81)
at com.framework.utils.Reporter.reportStep(Reporter.java:108)
at com.framework.selenium.api.base.SeleniumBase.takeSnap(SeleniumBase.java:868)
at com.framework.utils.Reporter.reportStep(Reporter.java:81)
at com.framework.utils.Reporter.reportStep(Reporter.java:108)
at com.framework.selenium.api.base.SeleniumBase.takeSnap(SeleniumBase.java:868)
at com.framework.utils.Reporter.reportStep(Reporter.java:81)
at com.framework.utils.Reporter.reportStep(Reporter.java:108)
at com.framework.selenium.api.base.SeleniumBase.takeSnap(SeleniumBase.java:868)
at com.framework.utils.Reporter.reportStep(Reporter.java:81)
at com.framework.utils.Reporter.reportStep(Reporter.java:108)
at com.framework.selenium.api.base.SeleniumBase.takeSnap(SeleniumBase.java:868)
at com.framework.utils.Reporter.reportStep(Reporter.java:81)
at com.framework.utils.Reporter.reportStep(Reporter.java:108)
at com.framework.selenium.api.base.SeleniumBase.takeSnap(SeleniumBase.java:868)
at com.framework.utils.Reporter.reportStep(Reporter.java:81)
at com.framework.utils.Reporter.reportStep(Reporter.java:108)
at com.framework.selenium.api.base.SeleniumBase.takeSnap(SeleniumBase.java:868)
at com.framework.utils.Reporter.reportStep(Reporter.java:81)
at com.framework.utils.Reporter.reportStep(Reporter.java:108)
at com.framework.selenium.api.base.SeleniumBase.takeSnap(SeleniumBase.java:868)
at com.framework.utils.Reporter.reportStep(Reporter.java:81)
at com.framework.utils.Reporter.reportStep(Reporter.java:108)
at com.framework.selenium.api.base.SeleniumBase.takeSnap(SeleniumBase.java:868)
at com.framework.utils.Reporter.reportStep(Reporter.java:81)
at com.framework.utils.Reporter.reportStep(Reporter.java:108)
at com.framework.selenium.api.base.SeleniumBase.takeSnap(SeleniumBase.java:868)
at com.framework.utils.Reporter.reportStep(Reporter.java:81)
at com.framework.utils.Reporter.reportStep(Reporter.java:108)
at com.framework.selenium.api.base.SeleniumBase.takeSnap(SeleniumBase.java:868)
at com.framework.utils.Reporter.reportStep(Reporter.java:81)
at com.framework.utils.Reporter.reportStep(Reporter.java:108)
at com.framework.selenium.api.base.SeleniumBase.takeSnap(SeleniumBase.java:868)
at com.framework.utils.Reporter.reportStep(Reporter.java:81)
at com.framework.utils.Reporter.reportStep(Reporter.java:108)
at com.framework.selenium.api.base.SeleniumBase.takeSnap(SeleniumBase.java:868)
at com.framework.utils.Reporter.reportStep(Reporter.java:81)
at com.framework.utils.Reporter.reportStep(Reporter.java:108)
at com.framework.selenium.api.base.SeleniumBase.takeSnap(SeleniumBase.java:868)
at com.framework.utils.Reporter.reportStep(Reporter.java:81)
at com.framework.utils.Reporter.reportStep(Reporter.java:108)
at com.framework.selenium.api.base.SeleniumBase.takeSnap(SeleniumBase.java:868)
at com.framework.utils.Reporter.reportStep(Reporter.java:81)
at com.framework.utils.Reporter.reportStep(Reporter.java:108)
at com.framework.selenium.api.base.SeleniumBase.takeSnap(SeleniumBase.java:868)
at com.framework.utils.Reporter.reportStep(Reporter.java:81)
at com.framework.utils.Reporter.reportStep(Reporter.java:108)
at com.framework.selenium.api.base.SeleniumBase.takeSnap(SeleniumBase.java:868)
at com.framework.utils.Reporter.reportStep(Reporter.java:81)
at com.framework.utils.Reporter.reportStep(Reporter.java:108)
at com.framework.selenium.api.base.SeleniumBase.takeSnap(SeleniumBase.java:868)
at com.framework.utils.Reporter.reportStep(Reporter.java:81)
at com.framework.utils.Reporter.reportStep(Reporter.java:108)
at com.framework.selenium.api.base.SeleniumBase.takeSnap(SeleniumBase.java:868)
at com.framework.utils.Reporter.reportStep(Reporter.java:81)
at com.framework.utils.Reporter.reportStep(Reporter.java:108)
at com.framework.selenium.api.base.SeleniumBase.takeSnap(SeleniumBase.java:868)
at com.framework.utils.Reporter.reportStep(Reporter.java:81)
at com.framework.utils.Reporter.reportStep(Reporter.java:108)
at com.framework.selenium.api.base.SeleniumBase.takeSnap(SeleniumBase.java:868)
at com.framework.utils.Reporter.reportStep(Reporter.java:81)
at com.framework.utils.Reporter.reportStep(Reporter.java:108)
at com.framework.selenium.api.base.SeleniumBase.takeSnap(SeleniumBase.java:868)
at com.framework.utils.Reporter.reportStep(Reporter.java:81)
at com.framework.utils.Reporter.reportStep(Reporter.java:108)
at com.framework.selenium.api.base.SeleniumBase.takeSnap(SeleniumBase.java:868)
at com.framework.utils.Reporter.reportStep(Reporter.java:81)
at com.framework.utils.Reporter.reportStep(Reporter.java:108)
at com.framework.selenium.api.base.SeleniumBase.takeSnap(SeleniumBase.java:868)
at com.framework.utils.Reporter.reportStep(Reporter.java:81)
at com.framework.utils.Reporter.reportStep(Reporter.java:108)
at com.framework.selenium.api.base.SeleniumBase.takeSnap(SeleniumBase.java:868)
at com.framework.utils.Reporter.reportStep(Reporter.java:81)
at com.framework.utils.Reporter.reportStep(Reporter.java:108)
at com.framework.selenium.api.base.SeleniumBase.takeSnap(SeleniumBase.java:868)
at com.framework.utils.Reporter.reportStep(Reporter.java:81)
at com.framework.utils.Reporter.reportStep(Reporter.java:108)
at com.framework.selenium.api.base.SeleniumBase.takeSnap(SeleniumBase.java:868)
at com.framework.utils.Reporter.reportStep(Reporter.java:81)
at com.framework.utils.Reporter.reportStep(Reporter.java:108)
at com.framework.selenium.api.base.SeleniumBase.takeSnap(SeleniumBase.java:868)
at com.framework.utils.Reporter.reportStep(Reporter.java:81)
at com.framework.utils.Reporter.reportStep(Reporter.java:108)
at com.framework.selenium.api.base.SeleniumBase.takeSnap(SeleniumBase.java:868)
at com.framework.utils.Reporter.reportStep(Reporter.java:81)
at com.framework.utils.Reporter.reportStep(Reporter.java:108)
at com.framework.selenium.api.base.SeleniumBase.takeSnap(SeleniumBase.java:868)
at com.framework.utils.Reporter.reportStep(Reporter.java:81)
at com.framework.utils.Reporter.reportStep(Reporter.java:108)
at com.framework.selenium.api.base.SeleniumBase.takeSnap(SeleniumBase.java:868)
at com.framework.utils.Reporter.reportStep(Reporter.java:81)
at com.framework.utils.Reporter.reportStep(Reporter.java:108)
at com.framework.selenium.api.base.SeleniumBase.takeSnap(SeleniumBase.java:868)
at com.framework.utils.Reporter.reportStep(Reporter.java:81)
at com.framework.utils.Reporter.reportStep(Reporter.java:108)
at com.framework.selenium.api.base.SeleniumBase.takeSnap(SeleniumBase.java:868)
at com.framework.utils.Reporter.reportStep(Reporter.java:81)
at com.framework.utils.Reporter.reportStep(Reporter.java:108)
at com.framework.selenium.api.base.SeleniumBase.takeSnap(SeleniumBase.java:868)
at com.framework.utils.Reporter.reportStep(Reporter.java:81)
at com.framework.utils.Reporter.reportStep(Reporter.java:108)
at com.framework.selenium.api.base.SeleniumBase.takeSnap(SeleniumBase.java:868)
at com.framework.utils.Reporter.reportStep(Reporter.java:81)
at com.framework.utils.Reporter.reportStep(Reporter.java:108)
at com.framework.selenium.api.base.SeleniumBase.takeSnap(SeleniumBase.java:868)
at com.framework.utils.Reporter.reportStep(Reporter.java:81)
at com.framework.utils.Reporter.reportStep(Reporter.java:108)
at com.framework.selenium.api.base.SeleniumBase.takeSnap(SeleniumBase.java:868)
at com.framework.utils.Reporter.reportStep(Reporter.java:81)
at com.framework.utils.Reporter.reportStep(Reporter.java:108)
at com.framework.selenium.api.base.SeleniumBase.takeSnap(SeleniumBase.java:868)
at com.framework.utils.Reporter.reportStep(Reporter.java:81)
at com.framework.utils.Reporter.reportStep(Reporter.java:108)
at com.framework.selenium.api.base.SeleniumBase.takeSnap(SeleniumBase.java:868)
at com.framework.utils.Reporter.reportStep(Reporter.java:81)
at com.framework.utils.Reporter.reportStep(Reporter.java:108)
at com.framework.selenium.api.base.SeleniumBase.takeSnap(SeleniumBase.java:868)
at com.framework.utils.Reporter.reportStep(Reporter.java:81)
at com.framework.utils.Reporter.reportStep(Reporter.java:108)
at com.framework.selenium.api.base.SeleniumBase.takeSnap(SeleniumBase.java:868)
at com.framework.utils.Reporter.reportStep(Reporter.java:81)
at com.framework.utils.Reporter.reportStep(Reporter.java:108)
at com.framework.selenium.api.base.SeleniumBase.takeSnap(SeleniumBase.java:868)
at com.framework.utils.Reporter.reportStep(Reporter.java:81)
at com.framework.utils.Reporter.reportStep(Reporter.java:108)
at com.framework.selenium.api.base.SeleniumBase.takeSnap(SeleniumBase.java:868)
at com.framework.utils.Reporter.reportStep(Reporter.java:81)
at com.framework.utils.Reporter.reportStep(Reporter.java:108)
at com.framework.selenium.api.base.SeleniumBase.takeSnap(SeleniumBase.java:868)
at com.framework.utils.Reporter.reportStep(Reporter.java:81)
at com.framework.utils.Reporter.reportStep(Reporter.java:108)
at com.framework.selenium.api.base.SeleniumBase.takeSnap(SeleniumBase.java:868)
at com.framework.utils.Reporter.reportStep(Reporter.java:81)
at com.framework.utils.Reporter.reportStep(Reporter.java:108)
at com.framework.selenium.api.base.SeleniumBase.takeSnap(SeleniumBase.java:868)
at com.framework.utils.Reporter.reportStep(Reporter.java:81)
at com.framework.utils.Reporter.reportStep(Reporter.java:108)
at com.framework.selenium.api.base.SeleniumBase.takeSnap(SeleniumBase.java:868)
at com.framework.utils.Reporter.reportStep(Reporter.java:81)
at com.framework.utils.Reporter.reportStep(Reporter.java:108)
at com.framework.selenium.api.base.SeleniumBase.takeSnap(SeleniumBase.java:868)
at com.framework.utils.Reporter.reportStep(Reporter.java:81)
at com.framework.utils.Reporter.reportStep(Reporter.java:108)
at com.framework.selenium.api.base.SeleniumBase.takeSnap(SeleniumBase.java:868)
at com.framework.utils.Reporter.reportStep(Reporter.java:81)
at com.framework.utils.Reporter.reportStep(Reporter.java:108)
at com.framework.selenium.api.base.SeleniumBase.takeSnap(SeleniumBase.java:868)
at com.framework.utils.Reporter.reportStep(Reporter.java:81)
at com.framework.utils.Reporter.reportStep(Reporter.java:108)
at com.framework.selenium.api.base.SeleniumBase.takeSnap(SeleniumBase.java:868)
at com.framework.utils.Reporter.reportStep(Reporter.java:81)
at com.framework.utils.Reporter.reportStep(Reporter.java:108)
at com.framework.selenium.api.base.SeleniumBase.takeSnap(SeleniumBase.java:868)
at com.framework.utils.Reporter.reportStep(Reporter.java:81)
at com.framework.utils.Reporter.reportStep(Reporter.java:108)
at com.framework.selenium.api.base.SeleniumBase.takeSnap(SeleniumBase.java:868)
at com.framework.utils.Reporter.reportStep(Reporter.java:81)
at com.framework.utils.Reporter.reportStep(Reporter.java:108)
at com.framework.selenium.api.base.SeleniumBase.takeSnap(SeleniumBase.java:868)
at com.framework.utils.Reporter.reportStep(Reporter.java:81)
at com.framework.utils.Reporter.reportStep(Reporter.java:108)
at com.framework.selenium.api.base.SeleniumBase.takeSnap(SeleniumBase.java:868)
at com.framework.utils.Reporter.reportStep(Reporter.java:81)
at com.framework.utils.Reporter.reportStep(Reporter.java:108)
at com.framework.selenium.api.base.SeleniumBase.takeSnap(SeleniumBase.java:868)
at com.framework.utils.Reporter.reportStep(Reporter.java:81)
at com.framework.utils.Reporter.reportStep(Reporter.java:108)
at com.framework.selenium.api.base.SeleniumBase.takeSnap(SeleniumBase.java:868)
at com.framework.utils.Reporter.reportStep(Reporter.java:81)
at com.framework.utils.Reporter.reportStep(Reporter.java:108)
at com.framework.selenium.api.base.SeleniumBase.takeSnap(SeleniumBase.java:868)
at com.framework.utils.Reporter.reportStep(Reporter.java:81)
at com.framework.utils.Reporter.reportStep(Reporter.java:108)
at com.framework.selenium.api.base.SeleniumBase.takeSnap(SeleniumBase.java:868)
at com.framework.utils.Reporter.reportStep(Reporter.java:81)
at com.framework.utils.Reporter.reportStep(Reporter.java:108)
at com.framework.selenium.api.base.SeleniumBase.takeSnap(SeleniumBase.java:868)
at com.framework.utils.Reporter.reportStep(Reporter.java:81)
at com.framework.utils.Reporter.reportStep(Reporter.java:108)
at com.framework.selenium.api.base.SeleniumBase.takeSnap(SeleniumBase.java:868)
at com.framework.utils.Reporter.reportStep(Reporter.java:81)
at com.framework.utils.Reporter.reportStep(Reporter.java:108)
at com.framework.selenium.api.base.SeleniumBase.takeSnap(SeleniumBase.java:868)
at com.framework.utils.Reporter.reportStep(Reporter.java:81)
at com.framework.utils.Reporter.reportStep(Reporter.java:108)
at com.framework.selenium.api.base.SeleniumBase.takeSnap(SeleniumBase.java:868)
at com.framework.utils.Reporter.reportStep(Reporter.java:81)
at com.framework.utils.Reporter.reportStep(Reporter.java:108)
at com.framework.selenium.api.base.SeleniumBase.takeSnap(SeleniumBase.java:868)
at com.framework.utils.Reporter.reportStep(Reporter.java:81)
at com.framework.utils.Reporter.reportStep(Reporter.java:108)
at com.framework.selenium.api.base.SeleniumBase.takeSnap(SeleniumBase.java:868)
at com.framework.utils.Reporter.reportStep(Reporter.java:81)
at com.framework.utils.Reporter.reportStep(Reporter.java:108)
at com.framework.selenium.api.base.SeleniumBase.takeSnap(SeleniumBase.java:868)
at com.framework.utils.Reporter.reportStep(Reporter.java:81)
at com.framework.utils.Reporter.reportStep(Reporter.java:108)
at com.framework.selenium.api.base.SeleniumBase.takeSnap(SeleniumBase.java:868)
at com.framework.utils.Reporter.reportStep(Reporter.java:81)
at com.framework.utils.Reporter.reportStep(Reporter.java:108)
at com.framework.selenium.api.base.SeleniumBase.takeSnap(SeleniumBase.java:868)
at com.framework.utils.Reporter.reportStep(Reporter.java:81)
at com.framework.utils.Reporter.reportStep(Reporter.java:108)
at com.framework.selenium.api.base.SeleniumBase.takeSnap(SeleniumBase.java:868)
at com.framework.utils.Reporter.reportStep(Reporter.java:81)
at com.framework.utils.Reporter.reportStep(Reporter.java:108)
at com.framework.selenium.api.base.SeleniumBase.takeSnap(SeleniumBase.java:868)
at com.framework.utils.Reporter.reportStep(Reporter.java:81)
at com.framework.utils.Reporter.reportStep(Reporter.java:108)
at com.framework.selenium.api.base.SeleniumBase.takeSnap(SeleniumBase.java:868)
at com.framework.utils.Reporter.reportStep(Reporter.java:81)
at com.framework.utils.Reporter.reportStep(Reporter.java:108)
at com.framework.selenium.api.base.SeleniumBase.takeSnap(SeleniumBase.java:868)
at com.framework.utils.Reporter.reportStep(Reporter.java:81)
at com.framework.utils.Reporter.reportStep(Reporter.java:108)
at com.framework.selenium.api.base.SeleniumBase.takeSnap(SeleniumBase.java:868)
at com.framework.utils.Reporter.reportStep(Reporter.java:81)
at com.framework.utils.Reporter.reportStep(Reporter.java:108)
at com.framework.selenium.api.base.SeleniumBase.takeSnap(SeleniumBase.java:868)
at com.framework.utils.Reporter.reportStep(Reporter.java:81)
at com.framework.utils.Reporter.reportStep(Reporter.java:108)
at com.framework.selenium.api.base.SeleniumBase.takeSnap(SeleniumBase.java:868)
at com.framework.utils.Reporter.reportStep(Reporter.java:81)
at com.framework.utils.Reporter.reportStep(Reporter.java:108)
at com.framework.selenium.api.base.SeleniumBase.takeSnap(SeleniumBase.java:868)
at com.framework.utils.Reporter.reportStep(Reporter.java:81)
at com.framework.utils.Reporter.reportStep(Reporter.java:108)
at com.framework.selenium.api.base.SeleniumBase.takeSnap(SeleniumBase.java:868)
at com.framework.utils.Reporter.reportStep(Reporter.java:81)
at com.framework.utils.Reporter.reportStep(Reporter.java:108)
at com.framework.selenium.api.base.SeleniumBase.takeSnap(SeleniumBase.java:868)
at com.framework.utils.Reporter.reportStep(Reporter.java:81)
at com.framework.utils.Reporter.reportStep(Reporter.java:108)
at com.framework.selenium.api.base.SeleniumBase.takeSnap(SeleniumBase.java:868)
at com.framework.utils.Reporter.reportStep(Reporter.java:81)
at com.framework.utils.Reporter.reportStep(Reporter.java:108)
at com.framework.selenium.api.base.SeleniumBase.takeSnap(SeleniumBase.java:868)
at com.framework.utils.Reporter.reportStep(Reporter.java:81)
at com.framework.utils.Reporter.reportStep(Reporter.java:108)
at com.framework.selenium.api.base.SeleniumBase.takeSnap(SeleniumBase.java:868)
at com.framework.utils.Reporter.reportStep(Reporter.java:81)
at com.framework.utils.Reporter.reportStep(Reporter.java:108)
at com.framework.selenium.api.base.SeleniumBase.takeSnap(SeleniumBase.java:868)
at com.framework.utils.Reporter.reportStep(Reporter.java:81)
at com.framework.utils.Reporter.reportStep(Reporter.java:108)
at com.framework.selenium.api.base.SeleniumBase.takeSnap(SeleniumBase.java:868)
at com.framework.utils.Reporter.reportStep(Reporter.java:81)
at com.framework.utils.Reporter.reportStep(Reporter.java:108)
at com.framework.selenium.api.base.SeleniumBase.takeSnap(SeleniumBase.java:868)
at com.framework.utils.Reporter.reportStep(Reporter.java:81)
at com.framework.utils.Reporter.reportStep(Reporter.java:108)
at com.framework.selenium.api.base.SeleniumBase.takeSnap(SeleniumBase.java:868)
at com.framework.utils.Reporter.reportStep(Reporter.java:81)
at com.framework.utils.Reporter.reportStep(Reporter.java:108)
at com.framework.selenium.api.base.SeleniumBase.takeSnap(SeleniumBase.java:868)
at com.framework.utils.Reporter.reportStep(Reporter.java:81)
at com.framework.utils.Reporter.reportStep(Reporter.java:108)
at com.framework.selenium.api.base.SeleniumBase.takeSnap(SeleniumBase.java:868)
at com.framework.utils.Reporter.reportStep(Reporter.java:81)
at com.framework.utils.Reporter.reportStep(Reporter.java:108)
at com.framework.selenium.api.base.SeleniumBase.takeSnap(SeleniumBase.java:868)
at com.framework.utils.Reporter.reportStep(Reporter.java:81)
at com.framework.utils.Reporter.reportStep(Reporter.java:108)
at com.framework.selenium.api.base.SeleniumBase.takeSnap(SeleniumBase.java:868)
at com.framework.utils.Reporter.reportStep(Reporter.java:81)
at com.framework.utils.Reporter.reportStep(Reporter.java:108)
at com.framework.selenium.api.base.SeleniumBase.takeSnap(SeleniumBase.java:868)
at com.framework.utils.Reporter.reportStep(Reporter.java:81)
at com.framework.utils.Reporter.reportStep(Reporter.java:108)
at com.framework.selenium.api.base.SeleniumBase.takeSnap(SeleniumBase.java:868)
at com.framework.utils.Reporter.reportStep(Reporter.java:81)
at com.framework.utils.Reporter.reportStep(Reporter.java:108)
at com.framework.selenium.api.base.SeleniumBase.takeSnap(SeleniumBase.java:868)
at com.framework.utils.Reporter.reportStep(Reporter.java:81)
at com.framework.utils.Reporter.reportStep(Reporter.java:108)
at com.framework.selenium.api.base.SeleniumBase.takeSnap(SeleniumBase.java:868)
at com.framework.utils.Reporter.reportStep(Reporter.java:81)
at com.framework.utils.Reporter.reportStep(Reporter.java:108)
at com.framework.selenium.api.base.SeleniumBase.takeSnap(SeleniumBase.java:868)
at com.framework.utils.Reporter.reportStep(Reporter.java:81)
at com.framework.utils.Reporter.reportStep(Reporter.java:108)
at com.framework.selenium.api.base.SeleniumBase.takeSnap(SeleniumBase.java:868)
at com.framework.utils.Reporter.reportStep(Reporter.java:81)
at com.framework.utils.Reporter.reportStep(Reporter.java:108)
at com.framework.selenium.api.base.SeleniumBase.takeSnap(SeleniumBase.java:868)
at com.framework.utils.Reporter.reportStep(Reporter.java:81)
at com.framework.utils.Reporter.reportStep(Reporter.java:108)
at com.framework.selenium.api.base.SeleniumBase.takeSnap(SeleniumBase.java:868)
at com.framework.utils.Reporter.reportStep(Reporter.java:81)
at com.framework.utils.Reporter.reportStep(Reporter.java:108)
at com.framework.selenium.api.base.SeleniumBase.takeSnap(SeleniumBase.java:868)
at com.framework.utils.Reporter.reportStep(Reporter.java:81)
at com.framework.utils.Reporter.reportStep(Reporter.java:108)
at com.framework.selenium.api.base.SeleniumBase.takeSnap(SeleniumBase.java:868)
at com.framework.utils.Reporter.reportStep(Reporter.java:81)
at com.framework.utils.Reporter.reportStep(Reporter.java:108)
at com.framework.selenium.api.base.SeleniumBase.takeSnap(SeleniumBase.java:868)
at com.framework.utils.Reporter.reportStep(Reporter.java:81)
at com.framework.utils.Reporter.reportStep(Reporter.java:108)
at com.framework.selenium.api.base.SeleniumBase.takeSnap(SeleniumBase.java:868)
at com.framework.utils.Reporter.reportStep(Reporter.java:81)
at com.framework.utils.Reporter.reportStep(Reporter.java:108)
at com.framework.selenium.api.base.SeleniumBase.takeSnap(SeleniumBase.java:868)
at com.framework.utils.Reporter.reportStep(Reporter.java:81)
at com.framework.utils.Reporter.reportStep(Reporter.java:108)
at com.framework.selenium.api.base.SeleniumBase.takeSnap(SeleniumBase.java:868)
at com.framework.utils.Reporter.reportStep(Reporter.java:81)
at com.framework.utils.Reporter.reportStep(Reporter.java:108)
at com.framework.selenium.api.base.SeleniumBase.takeSnap(SeleniumBase.java:868)
at com.framework.utils.Reporter.reportStep(Reporter.java:81)
at com.framework.utils.Reporter.reportStep(Reporter.java:108)
at com.framework.selenium.api.base.SeleniumBase.takeSnap(SeleniumBase.java:868)
at com.framework.utils.Reporter.reportStep(Reporter.java:81)
at com.framework.utils.Reporter.reportStep(Reporter.java:108)
at com.framework.selenium.api.base.SeleniumBase.takeSnap(SeleniumBase.java:868)
at com.framework.utils.Reporter.reportStep(Reporter.java:81)
at com.framework.utils.Reporter.reportStep(Reporter.java:108)
at com.framework.selenium.api.base.SeleniumBase.takeSnap(SeleniumBase.java:868)
at com.framework.utils.Reporter.reportStep(Reporter.java:81)
at com.framework.utils.Reporter.reportStep(Reporter.java:108)
at com.framework.selenium.api.base.SeleniumBase.takeSnap(SeleniumBase.java:868)
at com.framework.utils.Reporter.reportStep(Reporter.java:81)
at com.framework.utils.Reporter.reportStep(Reporter.java:108)
at com.framework.selenium.api.base.SeleniumBase.takeSnap(SeleniumBase.java:868)
at com.framework.utils.Reporter.reportStep(Reporter.java:81)
at com.framework.utils.Reporter.reportStep(Reporter.java:108)
at com.framework.selenium.api.base.SeleniumBase.takeSnap(SeleniumBase.java:868)
at com.framework.utils.Reporter.reportStep(Reporter.java:81)
at com.framework.utils.Reporter.reportStep(Reporter.java:108)
at com.framework.selenium.api.base.SeleniumBase.takeSnap(SeleniumBase.java:868)
at com.framework.utils.Reporter.reportStep(Reporter.java:81)
at com.framework.utils.Reporter.reportStep(Reporter.java:108)
at com.framework.selenium.api.base.SeleniumBase.takeSnap(SeleniumBase.java:868)
at com.framework.utils.Reporter.reportStep(Reporter.java:81)
at com.framework.utils.Reporter.reportStep(Reporter.java:108)
at com.framework.selenium.api.base.SeleniumBase.takeSnap(SeleniumBase.java:868)
at com.framework.utils.Reporter.reportStep(Reporter.java:81)
at com.framework.utils.Reporter.reportStep(Reporter.java:108)
at com.framework.selenium.api.base.SeleniumBase.takeSnap(SeleniumBase.java:868)
at com.framework.utils.Reporter.reportStep(Reporter.java:81)
at com.framework.utils.Reporter.reportStep(Reporter.java:108)
at com.framework.selenium.api.base.SeleniumBase.takeSnap(SeleniumBase.java:868)
at com.framework.utils.Reporter.reportStep(Reporter.java:81)
at com.framework.utils.Reporter.reportStep(Reporter.java:108)
at com.framework.selenium.api.base.SeleniumBase.takeSnap(SeleniumBase.java:868)
at com.framework.utils.Reporter.reportStep(Reporter.java:81)
at com.framework.utils.Reporter.reportStep(Reporter.java:108)
at com.framework.selenium.api.base.SeleniumBase.takeSnap(SeleniumBase.java:868)
at com.framework.utils.Reporter.reportStep(Reporter.java:81)
at com.framework.utils.Reporter.reportStep(Reporter.java:108)
at com.framework.selenium.api.base.SeleniumBase.takeSnap(SeleniumBase.java:868)
at com.framework.utils.Reporter.reportStep(Reporter.java:81)
at com.framework.utils.Reporter.reportStep(Reporter.java:108)
at com.framework.selenium.api.base.SeleniumBase.takeSnap(SeleniumBase.java:868)
at com.framework.utils.Reporter.reportStep(Reporter.java:81)
at com.framework.utils.Reporter.reportStep(Reporter.java:108)
at com.framework.selenium.api.base.SeleniumBase.takeSnap(SeleniumBase.java:868)
at com.framework.utils.Reporter.reportStep(Reporter.java:81)
at com.framework.utils.Reporter.reportStep(Reporter.java:108)
at com.framework.selenium.api.base.SeleniumBase.takeSnap(SeleniumBase.java:868)
at com.framework.utils.Reporter.reportStep(Reporter.java:81)
at com.framework.utils.Reporter.reportStep(Reporter.java:108)
at com.framework.selenium.api.base.SeleniumBase.takeSnap(SeleniumBase.java:868)
at com.framework.utils.Reporter.reportStep(Reporter.java:81)
at com.framework.utils.Reporter.reportStep(Reporter.java:108)
at com.framework.selenium.api.base.SeleniumBase.takeSnap(SeleniumBase.java:868)
at com.framework.utils.Reporter.reportStep(Reporter.java:81)
at com.framework.utils.Reporter.reportStep(Reporter.java:108)
at com.framework.selenium.api.base.SeleniumBase.takeSnap(SeleniumBase.java:868)
at com.framework.utils.Reporter.reportStep(Reporter.java:81)
at com.framework.utils.Reporter.reportStep(Reporter.java:108)
at com.framework.selenium.api.base.SeleniumBase.takeSnap(SeleniumBase.java:868)
at com.framework.utils.Reporter.reportStep(Reporter.java:81)
at com.framework.utils.Reporter.reportStep(Reporter.java:108)
at com.framework.selenium.api.base.SeleniumBase.takeSnap(SeleniumBase.java:868)
at com.framework.utils.Reporter.reportStep(Reporter.java:81)
at com.framework.utils.Reporter.reportStep(Reporter.java:108)
at com.framework.selenium.api.base.SeleniumBase.takeSnap(SeleniumBase.java:868)
at com.framework.utils.Reporter.reportStep(Reporter.java:81)
at com.framework.utils.Reporter.reportStep(Reporter.java:108)
at com.framework.selenium.api.base.SeleniumBase.takeSnap(SeleniumBase.java:868)
at com.framework.utils.Reporter.reportStep(Reporter.java:81)
at com.framework.utils.Reporter.reportStep(Reporter.java:108)
at com.framework.selenium.api.base.SeleniumBase.takeSnap(SeleniumBase.java:868)
at com.framework.utils.Reporter.reportStep(Reporter.java:81)
at com.framework.utils.Reporter.reportStep(Reporter.java:108)
at com.framework.selenium.api.base.SeleniumBase.takeSnap(SeleniumBase.java:868)
at com.framework.utils.Reporter.reportStep(Reporter.java:81)
at com.framework.utils.Reporter.reportStep(Reporter.java:108)
at com.framework.selenium.api.base.SeleniumBase.takeSnap(SeleniumBase.java:868)
at com.framework.utils.Reporter.reportStep(Reporter.java:81)
at com.framework.utils.Reporter.reportStep(Reporter.java:108)
at com.framework.selenium.api.base.SeleniumBase.takeSnap(SeleniumBase.java:868)
at com.framework.utils.Reporter.reportStep(Reporter.java:81)
at com.framework.utils.Reporter.reportStep(Reporter.java:108)
at com.framework.selenium.api.base.SeleniumBase.takeSnap(SeleniumBase.java:868)
at com.framework.utils.Reporter.reportStep(Reporter.java:81)
at com.framework.utils.Reporter.reportStep(Reporter.java:108)
at com.framework.selenium.api.base.SeleniumBase.takeSnap(SeleniumBase.java:868)
at com.framework.utils.Reporter.reportStep(Reporter.java:81)
at com.framework.utils.Reporter.reportStep(Reporter.java:108)
at com.framework.selenium.api.base.SeleniumBase.takeSnap(SeleniumBase.java:868)
at com.framework.utils.Reporter.reportStep(Reporter.java:81)
at com.framework.utils.Reporter.reportStep(Reporter.java:108)
at com.framework.selenium.api.base.SeleniumBase.takeSnap(SeleniumBase.java:868)
at com.framework.utils.Reporter.reportStep(Reporter.java:81)
at com.framework.utils.Reporter.reportStep(Reporter.java:108)
at com.framework.selenium.api.base.SeleniumBase.takeSnap(SeleniumBase.java:868)
at com.framework.utils.Reporter.reportStep(Reporter.java:81)
at com.framework.utils.Reporter.reportStep(Reporter.java:108)
at com.framework.selenium.api.base.SeleniumBase.takeSnap(SeleniumBase.java:868)
at com.framework.utils.Reporter.reportStep(Reporter.java:81)
at com.framework.utils.Reporter.reportStep(Reporter.java:108)
at com.framework.selenium.api.base.SeleniumBase.takeSnap(SeleniumBase.java:868)
at com.framework.utils.Reporter.reportStep(Reporter.java:81)
at com.framework.utils.Reporter.reportStep(Reporter.java:108)
at com.framework.selenium.api.base.SeleniumBase.takeSnap(SeleniumBase.java:868)
at com.framework.utils.Reporter.reportStep(Reporter.java:81)
at com.framework.utils.Reporter.reportStep(Reporter.java:108)
at com.framework.selenium.api.base.SeleniumBase.takeSnap(SeleniumBase.java:868)
at com.framework.utils.Reporter.reportStep(Reporter.java:81)
at com.framework.utils.Reporter.reportStep(Reporter.java:108)
at com.framework.selenium.api.base.SeleniumBase.takeSnap(SeleniumBase.java:868)
at com.framework.utils.Reporter.reportStep(Reporter.java:81)
at com.framework.utils.Reporter.reportStep(Reporter.java:108)
at com.framework.selenium.api.base.SeleniumBase.takeSnap(SeleniumBase.java:868)
at com.framework.utils.Reporter.reportStep(Reporter.java:81)
at com.framework.utils.Reporter.reportStep(Reporter.java:108)
at com.framework.selenium.api.base.SeleniumBase.takeSnap(SeleniumBase.java:868)
at com.framework.utils.Reporter.reportStep(Reporter.java:81)
at com.framework.utils.Reporter.reportStep(Reporter.java:108)
at com.framework.selenium.api.base.SeleniumBase.takeSnap(SeleniumBase.java:868)
at com.framework.utils.Reporter.reportStep(Reporter.java:81)
at com.framework.utils.Reporter.reportStep(Reporter.java:108)
at com.framework.selenium.api.base.SeleniumBase.takeSnap(SeleniumBase.java:868)
at com.framework.utils.Reporter.reportStep(Reporter.java:81)
at com.framework.utils.Reporter.reportStep(Reporter.java:108)
at com.framework.selenium.api.base.SeleniumBase.takeSnap(SeleniumBase.java:868)
at com.framework.utils.Reporter.reportStep(Reporter.java:81)
at com.framework.utils.Reporter.reportStep(Reporter.java:108)
at com.framework.selenium.api.base.SeleniumBase.takeSnap(SeleniumBase.java:868)
at com.framework.utils.Reporter.reportStep(Reporter.java:81)
at com.framework.utils.Reporter.reportStep(Reporter.java:108)
at com.framework.selenium.api.base.SeleniumBase.takeSnap(SeleniumBase.java:868)
at com.framework.utils.Reporter.reportStep(Reporter.java:81)
at com.framework.utils.Reporter.reportStep(Reporter.java:108)
at com.framework.selenium.api.base.SeleniumBase.takeSnap(SeleniumBase.java:868)
at com.framework.utils.Reporter.reportStep(Reporter.java:81)
at com.framework.utils.Reporter.reportStep(Reporter.java:108)
at com.framework.selenium.api.base.SeleniumBase.takeSnap(SeleniumBase.java:868)
at com.framework.utils.Reporter.reportStep(Reporter.java:81)
at com.framework.utils.Reporter.reportStep(Reporter.java:108)
at com.framework.selenium.api.base.SeleniumBase.takeSnap(SeleniumBase.java:868)
at com.framework.utils.Reporter.reportStep(Reporter.java:81)
at com.framework.utils.Reporter.reportStep(Reporter.java:108)
at com.framework.selenium.api.base.SeleniumBase.takeSnap(SeleniumBase.java:868)
at com.framework.utils.Reporter.reportStep(Reporter.java:81)
at com.framework.utils.Reporter.reportStep(Reporter.java:108)
at com.framework.selenium.api.base.SeleniumBase.takeSnap(SeleniumBase.java:868)
at com.framework.utils.Reporter.reportStep(Reporter.java:81)
at com.framework.utils.Reporter.reportStep(Reporter.java:108)
at com.framework.selenium.api.base.SeleniumBase.takeSnap(SeleniumBase.java:868)
at com.framework.utils.Reporter.reportStep(Reporter.java:81)
at com.framework.utils.Reporter.reportStep(Reporter.java:108)
at com.framework.selenium.api.base.SeleniumBase.takeSnap(SeleniumBase.java:868)
at com.framework.utils.Reporter.reportStep(Reporter.java:81)
at com.framework.utils.Reporter.reportStep(Reporter.java:108)
at com.framework.selenium.api.base.SeleniumBase.takeSnap(SeleniumBase.java:868)
at com.framework.utils.Reporter.reportStep(Reporter.java:81)
at com.framework.utils.Reporter.reportStep(Reporter.java:108)
at com.framework.selenium.api.base.SeleniumBase.takeSnap(SeleniumBase.java:868)
at com.framework.utils.Reporter.reportStep(Reporter.java:81)
at com.framework.utils.Reporter.reportStep(Reporter.java:108)
at com.framework.selenium.api.base.SeleniumBase.takeSnap(SeleniumBase.java:868)
at com.framework.utils.Reporter.reportStep(Reporter.java:81)
at com.framework.utils.Reporter.reportStep(Reporter.java:108)
at com.framework.selenium.api.base.SeleniumBase.takeSnap(SeleniumBase.java:868)
at com.framework.utils.Reporter.reportStep(Reporter.java:81)
at com.framework.utils.Reporter.reportStep(Reporter.java:108)
at com.framework.selenium.api.base.SeleniumBase.takeSnap(SeleniumBase.java:868)
at com.framework.utils.Reporter.reportStep(Reporter.java:81)
at com.framework.utils.Reporter.reportStep(Reporter.java:108)
at com.framework.selenium.api.base.SeleniumBase.takeSnap(SeleniumBase.java:868)
at com.framework.utils.Reporter.reportStep(Reporter.java:81)
at com.framework.utils.Reporter.reportStep(Reporter.java:108)
at com.framework.selenium.api.base.SeleniumBase.takeSnap(SeleniumBase.java:868)
at com.framework.utils.Reporter.reportStep(Reporter.java:81)
at com.framework.utils.Reporter.reportStep(Reporter.java:108)
at com.framework.selenium.api.base.SeleniumBase.takeSnap(SeleniumBase.java:868)
at com.framework.utils.Reporter.reportStep(Reporter.java:81)
at com.framework.utils.Reporter.reportStep(Reporter.java:108)
at com.framework.selenium.api.base.SeleniumBase.takeSnap(SeleniumBase.java:868)
at com.framework.utils.Reporter.reportStep(Reporter.java:81)
at com.framework.utils.Reporter.reportStep(Reporter.java:108)
at com.framework.selenium.api.base.SeleniumBase.takeSnap(SeleniumBase.java:868)
at com.framework.utils.Reporter.reportStep(Reporter.java:81)
at com.framework.utils.Reporter.reportStep(Reporter.java:108)
at com.framework.selenium.api.base.SeleniumBase.takeSnap(SeleniumBase.java:868)
at com.framework.utils.Reporter.reportStep(Reporter.java:81)
at com.framework.utils.Reporter.reportStep(Reporter.java:108)
at com.framework.selenium.api.base.SeleniumBase.takeSnap(SeleniumBase.java:868)
at com.framework.utils.Reporter.reportStep(Reporter.java:81)
at com.framework.utils.Reporter.reportStep(Reporter.java:108)
at com.framework.selenium.api.base.SeleniumBase.takeSnap(SeleniumBase.java:868)
at com.framework.utils.Reporter.reportStep(Reporter.java:81)
at com.framework.utils.Reporter.reportStep(Reporter.java:108)
at com.framework.selenium.api.base.SeleniumBase.takeSnap(SeleniumBase.java:868)
at com.framework.utils.Reporter.reportStep(Reporter.java:81)
at com.framework.utils.Reporter.reportStep(Reporter.java:108)
at com.framework.selenium.api.base.SeleniumBase.takeSnap(SeleniumBase.java:868)
at com.framework.utils.Reporter.reportStep(Reporter.java:81)
at com.framework.utils.Reporter.reportStep(Reporter.java:108)
at com.framework.selenium.api.base.SeleniumBase.takeSnap(SeleniumBase.java:868)
at com.framework.utils.Reporter.reportStep(Reporter.java:81)
at com.framework.utils.Reporter.reportStep(Reporter.java:108)
at com.framework.selenium.api.base.SeleniumBase.takeSnap(SeleniumBase.java:868)
at com.framework.utils.Reporter.reportStep(Reporter.java:81)
at com.framework.utils.Reporter.reportStep(Reporter.java:108)
at com.framework.selenium.api.base.SeleniumBase.takeSnap(SeleniumBase.java:868)
at com.framework.utils.Reporter.reportStep(Reporter.java:81)
at com.framework.utils.Reporter.reportStep(Reporter.java:108)
at com.framework.selenium.api.base.SeleniumBase.takeSnap(SeleniumBase.java:868)
at com.framework.utils.Reporter.reportStep(Reporter.java:81)
at com.framework.utils.Reporter.reportStep(Reporter.java:108)
at com.framework.selenium.api.base.SeleniumBase.takeSnap(SeleniumBase.java:868)
at com.framework.utils.Reporter.reportStep(Reporter.java:81)
at com.framework.utils.Reporter.reportStep(Reporter.java:108)
at com.framework.selenium.api.base.SeleniumBase.takeSnap(SeleniumBase.java:868)
at com.framework.utils.Reporter.reportStep(Reporter.java:81)
at com.framework.utils.Reporter.reportStep(Reporter.java:108)
at com.framework.selenium.api.base.SeleniumBase.takeSnap(SeleniumBase.java:868)
at com.framework.utils.Reporter.reportStep(Reporter.java:81)
at com.framework.utils.Reporter.reportStep(Reporter.java:108)
at com.framework.selenium.api.base.SeleniumBase.takeSnap(SeleniumBase.java:868)
at com.framework.utils.Reporter.reportStep(Reporter.java:81)
at com.framework.utils.Reporter.reportStep(Reporter.java:108)
at com.framework.selenium.api.base.SeleniumBase.takeSnap(SeleniumBase.java:868)
]]>
    </failure>
  </testcase> <!-- createDashboard -->
</testsuite> <!-- Default test -->
