<?xml version="1.0" encoding="UTF-8"?>
<testng-results skipped="0" failed="1" ignored="0" total="1" passed="0">
  <reporter-output>
  </reporter-output>
  <suite name="Default suite" duration-ms="37047" started-at="2022-12-18T22:57:43 IST" finished-at="2022-12-18T22:58:20 IST">
    <groups>
    </groups>
    <test name="Default test" duration-ms="37047" started-at="2022-12-18T22:57:43 IST" finished-at="2022-12-18T22:58:20 IST">
      <class name="com.salesforce.testcases.TC003_DashboardAssessment">
        <test-method status="PASS" signature="startReport()[pri:0, instance:com.salesforce.testcases.TC003_DashboardAssessment@3ecd23d9]" name="startReport" is-config="true" duration-ms="211" started-at="2022-12-18T22:57:43 IST" finished-at="2022-12-18T22:57:43 IST">
          <reporter-output>
          </reporter-output>
        </test-method> <!-- startReport -->
        <test-method status="PASS" signature="setData()[pri:0, instance:com.salesforce.testcases.TC003_DashboardAssessment@3ecd23d9]" name="setData" is-config="true" duration-ms="1" started-at="2022-12-18T22:57:43 IST" finished-at="2022-12-18T22:57:43 IST">
          <reporter-output>
          </reporter-output>
        </test-method> <!-- setData -->
        <test-method status="PASS" signature="startTestCase()[pri:0, instance:com.salesforce.testcases.TC003_DashboardAssessment@3ecd23d9]" name="startTestCase" is-config="true" duration-ms="13" started-at="2022-12-18T22:57:43 IST" finished-at="2022-12-18T22:57:43 IST">
          <reporter-output>
          </reporter-output>
        </test-method> <!-- startTestCase -->
        <test-method status="PASS" signature="preCondition()[pri:0, instance:com.salesforce.testcases.TC003_DashboardAssessment@3ecd23d9]" name="preCondition" is-config="true" duration-ms="10330" started-at="2022-12-18T22:57:47 IST" finished-at="2022-12-18T22:57:58 IST">
          <reporter-output>
          </reporter-output>
        </test-method> <!-- preCondition -->
        <test-method status="FAIL" signature="createDashboard(java.lang.String, java.lang.String, java.lang.String, java.lang.String, java.lang.String)[pri:0, instance:com.salesforce.testcases.TC003_DashboardAssessment@3ecd23d9]" name="createDashboard" duration-ms="22117" started-at="2022-12-18T22:57:58 IST" data-provider="Dynamic_Data" finished-at="2022-12-18T22:58:20 IST">
          <params>
            <param index="0">
              <value>
                <![CDATA[hari.radhakrishnan@qeagle.com]]>
              </value>
            </param>
            <param index="1">
              <value>
                <![CDATA[Testleaf$321]]>
              </value>
            </param>
            <param index="2">
              <value>
                <![CDATA[10000]]>
              </value>
            </param>
            <param index="3">
              <value>
                <![CDATA[Sankar]]>
              </value>
            </param>
            <param index="4">
              <value>
                <![CDATA[Testing]]>
              </value>
            </param>
          </params>
          <exception class="java.lang.RuntimeException">
            <message>
              <![CDATA[See the reporter for details.]]>
            </message>
            <full-stacktrace>
              <![CDATA[java.lang.RuntimeException: See the reporter for details.
at com.framework.utils.Reporter.reportStep(Reporter.java:93)
at com.framework.utils.Reporter.reportStep(Reporter.java:108)
at com.framework.selenium.api.base.SeleniumBase.takeSnap(SeleniumBase.java:868)
at com.framework.utils.Reporter.reportStep(Reporter.java:81)
at com.framework.utils.Reporter.reportStep(Reporter.java:108)
at com.salesforce.pages.LoginPage.clickLogin(LoginPage.java:22)
at com.salesforce.testcases.TC003_DashboardAssessment.createDashboard(TC003_DashboardAssessment.java:30)
at sun.reflect.NativeMethodAccessorImpl.invoke0(Native Method)
at sun.reflect.NativeMethodAccessorImpl.invoke(Unknown Source)
at sun.reflect.DelegatingMethodAccessorImpl.invoke(Unknown Source)
at java.lang.reflect.Method.invoke(Unknown Source)
at org.testng.internal.MethodInvocationHelper.invokeMethod(MethodInvocationHelper.java:132)
at org.testng.internal.TestInvoker.invokeMethod(TestInvoker.java:599)
at org.testng.internal.TestInvoker.invokeTestMethod(TestInvoker.java:174)
at org.testng.internal.MethodRunner.runInSequence(MethodRunner.java:46)
at org.testng.internal.TestInvoker$MethodInvocationAgent.invoke(TestInvoker.java:822)
at org.testng.internal.TestInvoker.invokeTestMethods(TestInvoker.java:147)
at org.testng.internal.TestMethodWorker.invokeTestMethods(TestMethodWorker.java:146)
at org.testng.internal.TestMethodWorker.run(TestMethodWorker.java:128)
at java.util.ArrayList.forEach(Unknown Source)
at org.testng.TestRunner.privateRun(TestRunner.java:764)
at org.testng.TestRunner.run(TestRunner.java:585)
at org.testng.SuiteRunner.runTest(SuiteRunner.java:384)
at org.testng.SuiteRunner.runSequentially(SuiteRunner.java:378)
at org.testng.SuiteRunner.privateRun(SuiteRunner.java:337)
at org.testng.SuiteRunner.run(SuiteRunner.java:286)
at org.testng.SuiteRunnerWorker.runSuite(SuiteRunnerWorker.java:53)
at org.testng.SuiteRunnerWorker.run(SuiteRunnerWorker.java:96)
at org.testng.TestNG.runSuitesSequentially(TestNG.java:1218)
at org.testng.TestNG.runSuitesLocally(TestNG.java:1140)
at org.testng.TestNG.runSuites(TestNG.java:1069)
at org.testng.TestNG.run(TestNG.java:1037)
at org.testng.remote.AbstractRemoteTestNG.run(AbstractRemoteTestNG.java:115)
at org.testng.remote.RemoteTestNG.initAndRun(RemoteTestNG.java:251)
at org.testng.remote.RemoteTestNG.main(RemoteTestNG.java:77)
]]>
            </full-stacktrace>
          </exception> <!-- java.lang.RuntimeException -->
          <reporter-output>
          </reporter-output>
        </test-method> <!-- createDashboard -->
        <test-method status="PASS" signature="postCondition()[pri:0, instance:com.salesforce.testcases.TC003_DashboardAssessment@3ecd23d9]" name="postCondition" is-config="true" duration-ms="117" started-at="2022-12-18T22:58:20 IST" finished-at="2022-12-18T22:58:20 IST">
          <reporter-output>
          </reporter-output>
        </test-method> <!-- postCondition -->
        <test-method status="PASS" signature="endResult()[pri:0, instance:com.salesforce.testcases.TC003_DashboardAssessment@3ecd23d9]" name="endResult" is-config="true" duration-ms="1041" started-at="2022-12-18T22:58:20 IST" finished-at="2022-12-18T22:58:21 IST">
          <reporter-output>
          </reporter-output>
        </test-method> <!-- endResult -->
      </class> <!-- com.salesforce.testcases.TC003_DashboardAssessment -->
    </test> <!-- Default test -->
  </suite> <!-- Default suite -->
</testng-results>
